<?xml version="1.0" encoding="UTF-8"?>
<!-- Generated by org.testng.reporters.JUnitXMLReporter -->
<testsuite ignored="0" hostname="MSI" failures="0" tests="4" name="MediMeal Complete Flow Tests" time="168.145" errors="0" timestamp="2026-02-26T09:08:56 IST">
  <testcase classname="com.medimeal.tests.AdminLoginTest" name="testAdminLoginFlow" time="23.669"/>
  <testcase classname="com.medimeal.tests.DoctorLoginTest" name="testDoctorLoginFlow" time="19.64"/>
  <testcase classname="com.medimeal.tests.PatientLoginTest" name="testPatientLoginFlow" time="19.572"/>
  <testcase classname="com.medimeal.tests.PatientBookingTest" name="testPatientBookingFlow" time="87.578"/>
</testsuite> <!-- MediMeal Complete Flow Tests -->
