<?xml version="1.0" encoding="UTF-8"?>
<testng-results ignored="0" total="1" passed="1" failed="0" skipped="0">
  <reporter-output>
  </reporter-output>
  <suite started-at="2026-02-26T09:11:10 IST" name="Surefire suite" finished-at="2026-02-26T09:11:37 IST" duration-ms="27386">
    <groups>
    </groups>
    <test started-at="2026-02-26T09:11:10 IST" name="Surefire test" finished-at="2026-02-26T09:11:37 IST" duration-ms="27386">
      <class name="com.medimeal.tests.AdminLoginTest">
        <test-method is-config="true" signature="setUp()[pri:0, instance:com.medimeal.tests.AdminLoginTest@157632c9]" started-at="2026-02-26T09:11:10 IST" name="setUp" finished-at="2026-02-26T09:11:15 IST" duration-ms="5094" status="PASS">
          <reporter-output>
          </reporter-output>
        </test-method> <!-- setUp -->
        <test-method signature="testAdminLoginFlow()[pri:1, instance:com.medimeal.tests.AdminLoginTest@157632c9]" started-at="2026-02-26T09:11:15 IST" name="testAdminLoginFlow" description="Test Admin Login Flow: Home -&gt; Login -&gt; Dashboard -&gt; Logout" finished-at="2026-02-26T09:11:36 IST" duration-ms="21074" status="PASS">
          <reporter-output>
          </reporter-output>
        </test-method> <!-- testAdminLoginFlow -->
        <test-method is-config="true" signature="tearDown()[pri:0, instance:com.medimeal.tests.AdminLoginTest@157632c9]" started-at="2026-02-26T09:11:36 IST" name="tearDown" finished-at="2026-02-26T09:11:37 IST" duration-ms="1132" status="PASS">
          <reporter-output>
          </reporter-output>
        </test-method> <!-- tearDown -->
      </class> <!-- com.medimeal.tests.AdminLoginTest -->
    </test> <!-- Surefire test -->
  </suite> <!-- Surefire suite -->
</testng-results>
